<testsuites id="" name="" tests="9" failures="6" skipped="0" errors="0" time="14.583364">
<testsuite name="blockchain-integration.spec.js" timestamp="2025-06-17T13:06:02.779Z" hostname="chromium" tests="9" failures="6" skipped="0" time="49.639" errors="0">
<testcase name="区块链合约交互集成测试 › 合约地址和ABI配置验证" classname="blockchain-integration.spec.js" time="4.652">
<system-out>
<![CDATA[合约相关日志: []
]]>
</system-out>
</testcase>
<testcase name="区块链合约交互集成测试 › Web3 连接状态检测" classname="blockchain-integration.spec.js" time="2.008">
<system-out>
<![CDATA[Web3状态: { hasEthereum: [33mfalse[39m, hasWeb3: [33mfalse[39m, isMetaMask: [90mundefined[39m }
]]>
</system-out>
</testcase>
<testcase name="区块链合约交互集成测试 › 合约常量读取测试（模拟）" classname="blockchain-integration.spec.js" time="2.579">
</testcase>
<testcase name="区块链合约交互集成测试 › 游戏状态同步测试（本地逻辑）" classname="blockchain-integration.spec.js" time="7.264">
<failure message="blockchain-integration.spec.js:110:3 游戏状态同步测试（本地逻辑）" type="FAILURE">
<![CDATA[  [chromium] › blockchain-integration.spec.js:110:3 › 区块链合约交互集成测试 › 游戏状态同步测试（本地逻辑） ─────────────────

    Error: Timed out 5000ms waiting for expect(locator).toBeVisible()

    Locator: locator('text=地雷总数: 10')
    Expected: visible
    Received: <element(s) not found>
    Call log:
      - Expect "toBeVisible" with timeout 5000ms
      - waiting for locator('text=地雷总数: 10')


      119 |     
      120 |     // 验证初始游戏状态
    > 121 |     await expect(page.locator('text=地雷总数: 10')).toBeVisible();
          |                                                 ^
      122 |     await expect(page.locator('text=已揭示: 0')).toBeVisible();
      123 |     
      124 |     // 点击第一个格子
        at /Users/feijie/Projects/扫雷游戏/frontend/tests/blockchain-integration.spec.js:121:49

    attachment #1: screenshot (image/png) ──────────────────────────────────────────────────────────
    test-results/blockchain-integration-区块链合约交互集成测试-游戏状态同步测试（本地逻辑）-chromium/test-failed-1.png
    ────────────────────────────────────────────────────────────────────────────────────────────────

    attachment #2: video (video/webm) ──────────────────────────────────────────────────────────────
    test-results/blockchain-integration-区块链合约交互集成测试-游戏状态同步测试（本地逻辑）-chromium/video.webm
    ────────────────────────────────────────────────────────────────────────────────────────────────

    Error Context: ../test-results/blockchain-integration-区块链合约交互集成测试-游戏状态同步测试（本地逻辑）-chromium/error-context.md
]]>
</failure>
<system-out>
<![CDATA[
[[ATTACHMENT|blockchain-integration-区块链合约交互集成测试-游戏状态同步测试（本地逻辑）-chromium/test-failed-1.png]]

[[ATTACHMENT|blockchain-integration-区块链合约交互集成测试-游戏状态同步测试（本地逻辑）-chromium/video.webm]]

[[ATTACHMENT|blockchain-integration-区块链合约交互集成测试-游戏状态同步测试（本地逻辑）-chromium/error-context.md]]
]]>
</system-out>
</testcase>
<testcase name="区块链合约交互集成测试 › 错误处理和用户反馈测试" classname="blockchain-integration.spec.js" time="4.257">
<failure message="blockchain-integration.spec.js:137:3 错误处理和用户反馈测试" type="FAILURE">
<![CDATA[  [chromium] › blockchain-integration.spec.js:137:3 › 区块链合约交互集成测试 › 错误处理和用户反馈测试 ────────────────────

    Error: expect.toBeVisible: Error: strict mode violation: locator('button[style*="aspect-ratio"]') resolved to 64 elements:
        1) <button class="cell-button"></button> aka locator('.cell-button').first()
        2) <button class="cell-button"></button> aka locator('.grid > button:nth-child(2)')
        3) <button class="cell-button"></button> aka locator('.grid > button:nth-child(3)')
        4) <button class="cell-button"></button> aka locator('.grid > button:nth-child(4)')
        5) <button class="cell-button"></button> aka locator('button:nth-child(5)')
        6) <button class="cell-button"></button> aka locator('button:nth-child(6)')
        7) <button class="cell-button"></button> aka locator('button:nth-child(7)')
        8) <button class="cell-button"></button> aka locator('button:nth-child(8)')
        9) <button class="cell-button"></button> aka locator('button:nth-child(9)')
        10) <button class="cell-button"></button> aka locator('button:nth-child(10)')
        ...

    Call log:
      - Expect "toBeVisible" with timeout 5000ms
      - waiting for locator('button[style*="aspect-ratio"]')


      157 |     
      158 |     // 验证应用仍然正常工作（本地逻辑不依赖网络）
    > 159 |     await expect(page.locator('button[style*="aspect-ratio"]')).toBeVisible();
          |                                                                 ^
      160 |     
      161 |     // 验证没有严重的JavaScript错误
      162 |     const criticalErrors = errors.filter(error => 
        at /Users/feijie/Projects/扫雷游戏/frontend/tests/blockchain-integration.spec.js:159:65

    attachment #1: screenshot (image/png) ──────────────────────────────────────────────────────────
    test-results/blockchain-integration-区块链合约交互集成测试-错误处理和用户反馈测试-chromium/test-failed-1.png
    ────────────────────────────────────────────────────────────────────────────────────────────────

    attachment #2: video (video/webm) ──────────────────────────────────────────────────────────────
    test-results/blockchain-integration-区块链合约交互集成测试-错误处理和用户反馈测试-chromium/video.webm
    ────────────────────────────────────────────────────────────────────────────────────────────────

    Error Context: ../test-results/blockchain-integration-区块链合约交互集成测试-错误处理和用户反馈测试-chromium/error-context.md
]]>
</failure>
<system-out>
<![CDATA[
[[ATTACHMENT|blockchain-integration-区块链合约交互集成测试-错误处理和用户反馈测试-chromium/test-failed-1.png]]

[[ATTACHMENT|blockchain-integration-区块链合约交互集成测试-错误处理和用户反馈测试-chromium/video.webm]]

[[ATTACHMENT|blockchain-integration-区块链合约交互集成测试-错误处理和用户反馈测试-chromium/error-context.md]]
]]>
</system-out>
</testcase>
<testcase name="区块链合约交互集成测试 › 响应式设计在不同设备上的表现" classname="blockchain-integration.spec.js" time="8.289">
<failure message="blockchain-integration.spec.js:173:3 响应式设计在不同设备上的表现" type="FAILURE">
<![CDATA[  [chromium] › blockchain-integration.spec.js:173:3 › 区块链合约交互集成测试 › 响应式设计在不同设备上的表现 ─────────────────

    Error: Timed out 5000ms waiting for expect(locator).toBeVisible()

    Locator: locator('text=游戏时间:')
    Expected: visible
    Received: <element(s) not found>
    Call log:
      - Expect "toBeVisible" with timeout 5000ms
      - waiting for locator('text=游戏时间:')


      195 |     await firstCell.click();
      196 |     
    > 197 |     await expect(page.locator('text=游戏时间:')).toBeVisible();
          |                                              ^
      198 |   });
      199 |
      200 |   test('性能监控和优化验证', async ({ page }) => {
        at /Users/feijie/Projects/扫雷游戏/frontend/tests/blockchain-integration.spec.js:197:46

    attachment #1: screenshot (image/png) ──────────────────────────────────────────────────────────
    test-results/blockchain-integration-区块链合约交互集成测试-响应式设计在不同设备上的表现-chromium/test-failed-1.png
    ────────────────────────────────────────────────────────────────────────────────────────────────

    attachment #2: video (video/webm) ──────────────────────────────────────────────────────────────
    test-results/blockchain-integration-区块链合约交互集成测试-响应式设计在不同设备上的表现-chromium/video.webm
    ────────────────────────────────────────────────────────────────────────────────────────────────

    Error Context: ../test-results/blockchain-integration-区块链合约交互集成测试-响应式设计在不同设备上的表现-chromium/error-context.md
]]>
</failure>
<system-out>
<![CDATA[
[[ATTACHMENT|blockchain-integration-区块链合约交互集成测试-响应式设计在不同设备上的表现-chromium/test-failed-1.png]]

[[ATTACHMENT|blockchain-integration-区块链合约交互集成测试-响应式设计在不同设备上的表现-chromium/video.webm]]

[[ATTACHMENT|blockchain-integration-区块链合约交互集成测试-响应式设计在不同设备上的表现-chromium/error-context.md]]
]]>
</system-out>
</testcase>
<testcase name="区块链合约交互集成测试 › 性能监控和优化验证" classname="blockchain-integration.spec.js" time="11.824">
<failure message="blockchain-integration.spec.js:200:3 性能监控和优化验证" type="FAILURE">
<![CDATA[  [chromium] › blockchain-integration.spec.js:200:3 › 区块链合约交互集成测试 › 性能监控和优化验证 ──────────────────────

    TimeoutError: page.click: Timeout 10000ms exceeded.
    Call log:
      - waiting for locator('text=🔥 困难 (16×16, 40雷)')


      204 |     // 测试大棋盘的性能
      205 |     await page.click('button:has-text("🧪 测试")');
    > 206 |     await page.click('text=🔥 困难 (16×16, 40雷)');
          |                ^
      207 |     
      208 |     const boardLoadTime = Date.now();
      209 |     await page.waitForSelector('button[style*="aspect-ratio"]');
        at /Users/feijie/Projects/扫雷游戏/frontend/tests/blockchain-integration.spec.js:206:16

    attachment #1: screenshot (image/png) ──────────────────────────────────────────────────────────
    test-results/blockchain-integration-区块链合约交互集成测试-性能监控和优化验证-chromium/test-failed-1.png
    ────────────────────────────────────────────────────────────────────────────────────────────────

    attachment #2: video (video/webm) ──────────────────────────────────────────────────────────────
    test-results/blockchain-integration-区块链合约交互集成测试-性能监控和优化验证-chromium/video.webm
    ────────────────────────────────────────────────────────────────────────────────────────────────

    Error Context: ../test-results/blockchain-integration-区块链合约交互集成测试-性能监控和优化验证-chromium/error-context.md
]]>
</failure>
<system-out>
<![CDATA[
[[ATTACHMENT|blockchain-integration-区块链合约交互集成测试-性能监控和优化验证-chromium/test-failed-1.png]]

[[ATTACHMENT|blockchain-integration-区块链合约交互集成测试-性能监控和优化验证-chromium/video.webm]]

[[ATTACHMENT|blockchain-integration-区块链合约交互集成测试-性能监控和优化验证-chromium/error-context.md]]
]]>
</system-out>
</testcase>
<testcase name="区块链合约交互集成测试 › 数据持久化和状态管理" classname="blockchain-integration.spec.js" time="6.905">
<failure message="blockchain-integration.spec.js:231:3 数据持久化和状态管理" type="FAILURE">
<![CDATA[  [chromium] › blockchain-integration.spec.js:231:3 › 区块链合约交互集成测试 › 数据持久化和状态管理 ─────────────────────

    Error: Timed out 5000ms waiting for expect(locator).toBeVisible()

    Locator: locator('text=游戏时间:')
    Expected: visible
    Received: <element(s) not found>
    Call log:
      - Expect "toBeVisible" with timeout 5000ms
      - waiting for locator('text=游戏时间:')


      240 |     
      241 |     // 验证游戏开始
    > 242 |     await expect(page.locator('text=游戏时间:')).toBeVisible();
          |                                              ^
      243 |     
      244 |     // 刷新页面
      245 |     await page.reload();
        at /Users/feijie/Projects/扫雷游戏/frontend/tests/blockchain-integration.spec.js:242:46

    attachment #1: screenshot (image/png) ──────────────────────────────────────────────────────────
    test-results/blockchain-integration-区块链合约交互集成测试-数据持久化和状态管理-chromium/test-failed-1.png
    ────────────────────────────────────────────────────────────────────────────────────────────────

    attachment #2: video (video/webm) ──────────────────────────────────────────────────────────────
    test-results/blockchain-integration-区块链合约交互集成测试-数据持久化和状态管理-chromium/video.webm
    ────────────────────────────────────────────────────────────────────────────────────────────────

    Error Context: ../test-results/blockchain-integration-区块链合约交互集成测试-数据持久化和状态管理-chromium/error-context.md
]]>
</failure>
<system-out>
<![CDATA[
[[ATTACHMENT|blockchain-integration-区块链合约交互集成测试-数据持久化和状态管理-chromium/test-failed-1.png]]

[[ATTACHMENT|blockchain-integration-区块链合约交互集成测试-数据持久化和状态管理-chromium/video.webm]]

[[ATTACHMENT|blockchain-integration-区块链合约交互集成测试-数据持久化和状态管理-chromium/error-context.md]]
]]>
</system-out>
</testcase>
<testcase name="区块链合约交互集成测试 › 用户体验和可访问性" classname="blockchain-integration.spec.js" time="1.861">
<failure message="blockchain-integration.spec.js:257:3 用户体验和可访问性" type="FAILURE">
<![CDATA[  [chromium] › blockchain-integration.spec.js:257:3 › 区块链合约交互集成测试 › 用户体验和可访问性 ──────────────────────

    Error: expect(received).not.toBe(expected) // Object.is equality

    Expected: not "rgba(0, 0, 0, 0)"

      276 |     
      277 |     // 验证背景色不是透明的
    > 278 |     expect(backgroundColor).not.toBe('rgba(0, 0, 0, 0)');
          |                                 ^
      279 |     expect(backgroundColor).not.toBe('transparent');
      280 |   });
      281 | });
        at /Users/feijie/Projects/扫雷游戏/frontend/tests/blockchain-integration.spec.js:278:33

    attachment #1: screenshot (image/png) ──────────────────────────────────────────────────────────
    test-results/blockchain-integration-区块链合约交互集成测试-用户体验和可访问性-chromium/test-failed-1.png
    ────────────────────────────────────────────────────────────────────────────────────────────────

    attachment #2: video (video/webm) ──────────────────────────────────────────────────────────────
    test-results/blockchain-integration-区块链合约交互集成测试-用户体验和可访问性-chromium/video.webm
    ────────────────────────────────────────────────────────────────────────────────────────────────

    Error Context: ../test-results/blockchain-integration-区块链合约交互集成测试-用户体验和可访问性-chromium/error-context.md
]]>
</failure>
<system-out>
<![CDATA[
[[ATTACHMENT|blockchain-integration-区块链合约交互集成测试-用户体验和可访问性-chromium/test-failed-1.png]]

[[ATTACHMENT|blockchain-integration-区块链合约交互集成测试-用户体验和可访问性-chromium/video.webm]]

[[ATTACHMENT|blockchain-integration-区块链合约交互集成测试-用户体验和可访问性-chromium/error-context.md]]
]]>
</system-out>
</testcase>
</testsuite>
</testsuites>